<?xml version="1.0" encoding="UTF-8"?>
<!-- Generated by org.testng.reporters.JUnitReportReporter -->
<testsuite hostname="hemant" failures="0" tests="2" name="com.samriddhi.tests.TC_LoginPage_001" time="14.297" errors="0" timestamp="2023-06-10T23:29:33 NPT" skipped="0">
  <testcase classname="com.samriddhi.tests.TC_LoginPage_001" name="LoginWithValidCred" time="4.599"/>
  <system-out/>
  <testcase classname="com.samriddhi.tests.TC_LoginPage_001" name="addProgramAllocationWithoutMilestoneTest" time="9.698"/>
  <system-out/>
</testsuite> <!-- com.samriddhi.tests.TC_LoginPage_001 -->
