<?xml version="1.0" encoding="UTF-8"?>
<!-- Generated by org.testng.reporters.JUnitReportReporter -->
<testsuite hostname="hemant" failures="0" tests="1" name="com.samriddhi.tests.TC_ProgramAllocation_002" time="3.026" errors="0" timestamp="2023-06-09T18:13:40 NPT" skipped="0">
  <testcase classname="com.samriddhi.tests.TC_ProgramAllocation_002" name="testAddProgramAllocation" time="3.026"/>
  <system-out/>
</testsuite> <!-- com.samriddhi.tests.TC_ProgramAllocation_002 -->
